<?xml version="1.0" encoding="UTF-8"?>
<!-- Generated by org.testng.reporters.JUnitXMLReporter -->
<testsuite hostname="Sujan" ignored="0" name="validation of Title" tests="1" failures="1" timestamp="2022-03-13T19:03:04 IST" time="16.149" errors="0">
  <testcase name="validateAppTitle" time="0.209" classname="seleniumframework.ValidateTitle">
    <failure type="java.lang.AssertionError" message="expected [FEATURED COURS123ES] but found [FEATURED COURSES]">
      <![CDATA[java.lang.AssertionError: expected [FEATURED COURS123ES] but found [FEATURED COURSES]
at seleniumframework.ValidateTitle.validateAppTitle(ValidateTitle.java:53)
at java.util.ArrayList.forEach(Unknown Source)
... Removed 33 stack frames]]>
    </failure>
  </testcase> <!-- validateAppTitle -->
</testsuite> <!-- validation of Title -->
