<?xml version="1.0" encoding="UTF-8"?>
<!-- Generated by org.testng.reporters.JUnitXMLReporter -->
<testsuite hostname="Sujan" ignored="0" name="validation of Title" tests="2" failures="1" timestamp="2022-03-13T20:51:07 IST" time="87.744" errors="0">
  <testcase name="validateAppTitle" time="0.356" classname="seleniumframework.ValidateTitle">
    <failure type="java.lang.AssertionError" message="expected [FEATURED COURS123ES] but found [FEATURED COURSES]">
      <![CDATA[java.lang.AssertionError: expected [FEATURED COURS123ES] but found [FEATURED COURSES]
at seleniumframework.ValidateTitle.validateAppTitle(ValidateTitle.java:55)
at java.util.ArrayList.forEach(ArrayList.java:1259)
at java.util.concurrent.FutureTask.run(FutureTask.java:266)
at java.util.concurrent.ThreadPoolExecutor.runWorker(ThreadPoolExecutor.java:1149)
at java.util.concurrent.ThreadPoolExecutor$Worker.run(ThreadPoolExecutor.java:624)
at java.lang.Thread.run(Thread.java:748)
... Removed 24 stack frames]]>
    </failure>
  </testcase> <!-- validateAppTitle -->
  <testcase name="validateHeader" time="0.065" classname="seleniumframework.ValidateTitle"/>
</testsuite> <!-- validation of Title -->
