-------------------------------------------------------------------------------
Test set: TestSuite
-------------------------------------------------------------------------------
Tests run: 5, Failures: 1, Errors: 0, Skipped: 0, Time elapsed: 118.681 s <<< FAILURE! - in TestSuite
seleniumframework.ValidateTitle.validateAppTitle  Time elapsed: 1.179 s  <<< FAILURE!
java.lang.AssertionError: expected [FEATURED COURS123ES] but found [FEATURED COURSES]
	at seleniumframework.ValidateTitle.validateAppTitle(ValidateTitle.java:55)

