<?xml version="1.0" encoding="UTF-8"?>
<testng-results skipped="0" failed="1" ignored="0" total="4" passed="3">
  <reporter-output>
  </reporter-output>
  <suite name="Suite" duration-ms="78970" started-at="2022-03-13T19:02:28 IST" finished-at="2022-03-13T19:03:47 IST">
    <groups>
    </groups>
    <test name="Validate Navigation Bar" duration-ms="18442" started-at="2022-03-13T19:02:28 IST" finished-at="2022-03-13T19:02:47 IST">
      <class name="seleniumframework.ValidateNavigationBar">
        <test-method status="PASS" signature="initialis()[pri:0, instance:seleniumframework.ValidateNavigationBar@76b07f29]" name="initialis" is-config="true" duration-ms="15052" started-at="2022-03-13T19:02:28 IST" finished-at="2022-03-13T19:02:43 IST">
          <reporter-output>
          </reporter-output>
        </test-method> <!-- initialis -->
        <test-method status="PASS" signature="basePageNavigation()[pri:0, instance:seleniumframework.ValidateNavigationBar@76b07f29]" name="basePageNavigation" duration-ms="3243" started-at="2022-03-13T19:02:43 IST" finished-at="2022-03-13T19:02:47 IST">
          <reporter-output>
          </reporter-output>
        </test-method> <!-- basePageNavigation -->
        <test-method status="PASS" signature="teardown()[pri:0, instance:seleniumframework.ValidateNavigationBar@76b07f29]" name="teardown" is-config="true" duration-ms="71" started-at="2022-03-13T19:02:47 IST" finished-at="2022-03-13T19:02:47 IST">
          <reporter-output>
          </reporter-output>
        </test-method> <!-- teardown -->
      </class> <!-- seleniumframework.ValidateNavigationBar -->
    </test> <!-- Validate Navigation Bar -->
    <test name="Test" duration-ms="3" started-at="2022-03-13T19:02:48 IST" finished-at="2022-03-13T19:02:48 IST">
    </test> <!-- Test -->
    <test name="validation of Title" duration-ms="16149" started-at="2022-03-13T19:02:48 IST" finished-at="2022-03-13T19:03:04 IST">
      <class name="seleniumframework.ValidateTitle">
        <test-method status="PASS" signature="initialis()[pri:0, instance:seleniumframework.ValidateTitle@4c51cf28]" name="initialis" is-config="true" duration-ms="15525" started-at="2022-03-13T19:02:48 IST" finished-at="2022-03-13T19:03:03 IST">
          <reporter-output>
          </reporter-output>
        </test-method> <!-- initialis -->
        <test-method status="FAIL" signature="validateAppTitle()[pri:0, instance:seleniumframework.ValidateTitle@4c51cf28]" name="validateAppTitle" duration-ms="209" started-at="2022-03-13T19:03:03 IST" finished-at="2022-03-13T19:03:03 IST">
          <exception class="java.lang.AssertionError">
            <message>
              <![CDATA[expected [FEATURED COURS123ES] but found [FEATURED COURSES]]]>
            </message>
            <full-stacktrace>
              <![CDATA[java.lang.AssertionError: expected [FEATURED COURS123ES] but found [FEATURED COURSES]
at org.testng.Assert.fail(Assert.java:99)
at org.testng.Assert.failNotEquals(Assert.java:1037)
at org.testng.Assert.assertEqualsImpl(Assert.java:140)
at org.testng.Assert.assertEquals(Assert.java:122)
at org.testng.Assert.assertEquals(Assert.java:629)
at org.testng.Assert.assertEquals(Assert.java:639)
at seleniumframework.ValidateTitle.validateAppTitle(ValidateTitle.java:53)
at sun.reflect.NativeMethodAccessorImpl.invoke0(Native Method)
at sun.reflect.NativeMethodAccessorImpl.invoke(Unknown Source)
at sun.reflect.DelegatingMethodAccessorImpl.invoke(Unknown Source)
at java.lang.reflect.Method.invoke(Unknown Source)
at org.testng.internal.MethodInvocationHelper.invokeMethod(MethodInvocationHelper.java:133)
at org.testng.internal.TestInvoker.invokeMethod(TestInvoker.java:598)
at org.testng.internal.TestInvoker.invokeTestMethod(TestInvoker.java:173)
at org.testng.internal.MethodRunner.runInSequence(MethodRunner.java:46)
at org.testng.internal.TestInvoker$MethodInvocationAgent.invoke(TestInvoker.java:824)
at org.testng.internal.TestInvoker.invokeTestMethods(TestInvoker.java:146)
at org.testng.internal.TestMethodWorker.invokeTestMethods(TestMethodWorker.java:146)
at org.testng.internal.TestMethodWorker.run(TestMethodWorker.java:128)
at java.util.ArrayList.forEach(Unknown Source)
at org.testng.TestRunner.privateRun(TestRunner.java:794)
at org.testng.TestRunner.run(TestRunner.java:596)
at org.testng.SuiteRunner.runTest(SuiteRunner.java:377)
at org.testng.SuiteRunner.runSequentially(SuiteRunner.java:371)
at org.testng.SuiteRunner.privateRun(SuiteRunner.java:332)
at org.testng.SuiteRunner.run(SuiteRunner.java:276)
at org.testng.SuiteRunnerWorker.runSuite(SuiteRunnerWorker.java:53)
at org.testng.SuiteRunnerWorker.run(SuiteRunnerWorker.java:96)
at org.testng.TestNG.runSuitesSequentially(TestNG.java:1212)
at org.testng.TestNG.runSuitesLocally(TestNG.java:1134)
at org.testng.TestNG.runSuites(TestNG.java:1063)
at org.testng.TestNG.run(TestNG.java:1031)
at org.testng.remote.AbstractRemoteTestNG.run(AbstractRemoteTestNG.java:115)
at org.testng.remote.RemoteTestNG.initAndRun(RemoteTestNG.java:251)
at org.testng.remote.RemoteTestNG.main(RemoteTestNG.java:77)
]]>
            </full-stacktrace>
          </exception> <!-- java.lang.AssertionError -->
          <reporter-output>
          </reporter-output>
        </test-method> <!-- validateAppTitle -->
        <test-method status="PASS" signature="teardown()[pri:0, instance:seleniumframework.ValidateTitle@4c51cf28]" name="teardown" is-config="true" duration-ms="82" started-at="2022-03-13T19:03:04 IST" finished-at="2022-03-13T19:03:04 IST">
          <reporter-output>
          </reporter-output>
        </test-method> <!-- teardown -->
      </class> <!-- seleniumframework.ValidateTitle -->
    </test> <!-- validation of Title -->
    <test name="Validation of logging functionality" duration-ms="43374" started-at="2022-03-13T19:03:04 IST" finished-at="2022-03-13T19:03:47 IST">
      <class name="seleniumframework.HomePage">
        <test-method status="PASS" signature="initialis()[pri:0, instance:seleniumframework.HomePage@6e950bcf]" name="initialis" is-config="true" duration-ms="20187" started-at="2022-03-13T19:03:04 IST" finished-at="2022-03-13T19:03:24 IST">
          <reporter-output>
          </reporter-output>
        </test-method> <!-- initialis -->
        <test-method status="PASS" signature="basePageNavigation(java.lang.String,java.lang.String)[pri:0, instance:seleniumframework.HomePage@6e950bcf]" name="basePageNavigation" duration-ms="1365" started-at="2022-03-13T19:03:24 IST" data-provider="getData" finished-at="2022-03-13T19:03:25 IST">
          <params>
            <param index="0">
              <value>
                <![CDATA[babu.sujan75@gmail.com]]>
              </value>
            </param>
            <param index="1">
              <value>
                <![CDATA[Babu@12345]]>
              </value>
            </param>
          </params>
          <reporter-output>
          </reporter-output>
        </test-method> <!-- basePageNavigation -->
        <test-method status="PASS" signature="teardown()[pri:0, instance:seleniumframework.HomePage@6e950bcf]" name="teardown" is-config="true" duration-ms="68" started-at="2022-03-13T19:03:25 IST" finished-at="2022-03-13T19:03:26 IST">
          <reporter-output>
          </reporter-output>
        </test-method> <!-- teardown -->
        <test-method status="PASS" signature="initialis()[pri:0, instance:seleniumframework.HomePage@6e950bcf]" name="initialis" is-config="true" duration-ms="20423" started-at="2022-03-13T19:03:26 IST" finished-at="2022-03-13T19:03:46 IST">
          <reporter-output>
          </reporter-output>
        </test-method> <!-- initialis -->
        <test-method status="PASS" signature="basePageNavigation(java.lang.String,java.lang.String)[pri:0, instance:seleniumframework.HomePage@6e950bcf]" name="basePageNavigation" duration-ms="1226" started-at="2022-03-13T19:03:46 IST" data-provider="getData" finished-at="2022-03-13T19:03:47 IST">
          <params>
            <param index="0">
              <value>
                <![CDATA[sujan95saha@gmail.com]]>
              </value>
            </param>
            <param index="1">
              <value>
                <![CDATA[123]]>
              </value>
            </param>
          </params>
          <reporter-output>
          </reporter-output>
        </test-method> <!-- basePageNavigation -->
        <test-method status="PASS" signature="teardown()[pri:0, instance:seleniumframework.HomePage@6e950bcf]" name="teardown" is-config="true" duration-ms="84" started-at="2022-03-13T19:03:47 IST" finished-at="2022-03-13T19:03:47 IST">
          <reporter-output>
          </reporter-output>
        </test-method> <!-- teardown -->
      </class> <!-- seleniumframework.HomePage -->
    </test> <!-- Validation of logging functionality -->
  </suite> <!-- Suite -->
</testng-results>
